<?xml version="1.0"?>
<testsuite name="Chrome Headless 147.0.0.0 (Mac OS 10.15.7)" package="" timestamp="2026-04-16T01:08:43" id="0" hostname="Dannys-MacBook-Pro.local" tests="80" errors="0" failures="0" time="0.814">
  <properties>
    <property name="browser.fullName" value="Mozilla/5.0 (Macintosh; Intel Mac OS X 10_15_7) AppleWebKit/537.36 (KHTML, like Gecko) HeadlessChrome/147.0.0.0 Safari/537.36"/>
  </properties>
  <testcase name="AboutComponent should create" time="0.064" classname="AboutComponent"/>
  <testcase name="AboutComponent template rendering should render education panel" time="0.012" classname="AboutComponent template rendering"/>
  <testcase name="AboutComponent template rendering should render experience panel with company information" time="0.01" classname="AboutComponent template rendering"/>
  <testcase name="AboutComponent template rendering should render mat-card with overview section" time="0.009" classname="AboutComponent template rendering"/>
  <testcase name="AboutComponent template rendering should apply dark-img class to header image when in dark mode" time="0.009" classname="AboutComponent template rendering"/>
  <testcase name="AboutComponent template rendering should render mat-accordion with multiple panels" time="0.008" classname="AboutComponent template rendering"/>
  <testcase name="AboutComponent template rendering should render header with welcome message" time="0.007" classname="AboutComponent template rendering"/>
  <testcase name="AboutComponent template rendering should render technical skills panel" time="0.007" classname="AboutComponent template rendering"/>
  <testcase name="AboutComponent template rendering should render summary panel with content" time="0.011" classname="AboutComponent template rendering"/>
  <testcase name="AboutComponent template rendering should render expand/collapse buttons" time="0.007" classname="AboutComponent template rendering"/>
  <testcase name="AboutComponent getYearsOfExperience() should return integer value" time="0.006" classname="AboutComponent getYearsOfExperience()"/>
  <testcase name="AboutComponent getYearsOfExperience() should calculate years of experience correctly" time="0.005" classname="AboutComponent getYearsOfExperience()"/>
  <testcase name="AboutComponent component properties should have positions with required properties" time="0.006" classname="AboutComponent component properties"/>
  <testcase name="AboutComponent component properties should have skills array with expected categories" time="0.007" classname="AboutComponent component properties"/>
  <testcase name="AboutComponent component properties should have experiences array" time="0.005" classname="AboutComponent component properties"/>
  <testcase name="AboutComponent component properties should have summary text" time="0.005" classname="AboutComponent component properties"/>
  <testcase name="AboutComponent should inject StateService" time="0.008" classname="AboutComponent"/>
  <testcase name="Models Project should handle undefined optional parameters" time="0.001" classname="Models Project"/>
  <testcase name="Models Project should create a project with optional parameters" time="0" classname="Models Project"/>
  <testcase name="Models Project should create a project with required parameters" time="0.001" classname="Models Project"/>
  <testcase name="Models Experience should create an experience with company and positions" time="0" classname="Models Experience"/>
  <testcase name="Models Position should create a position with title, date, and tasks" time="0.001" classname="Models Position"/>
  <testcase name="Models Skill should create a skill with type and skills array" time="0" classname="Models Skill"/>
  <testcase name="AppComponent should have as title 'portfolio'" time="0.009" classname="AppComponent"/>
  <testcase name="AppComponent should inject StateService" time="0.004" classname="AppComponent"/>
  <testcase name="AppComponent ngOnInit should set dark mode based on prefers-color-scheme: dark" time="0.004" classname="AppComponent ngOnInit"/>
  <testcase name="AppComponent ngOnInit should call stateService.isMobile() on init" time="0.003" classname="AppComponent ngOnInit"/>
  <testcase name="AppComponent ngOnInit should not set dark mode when prefers-color-scheme is light" time="0.004" classname="AppComponent ngOnInit"/>
  <testcase name="AppComponent should create the app" time="0.003" classname="AppComponent"/>
  <testcase name="AppComponent should render router-outlet" time="0.005" classname="AppComponent"/>
  <testcase name="AppComponent should render LinkedIn and GitHub links in footer" time="0.004" classname="AppComponent"/>
  <testcase name="AppComponent should render footer with toolbar" time="0.004" classname="AppComponent"/>
  <testcase name="AppComponent should render scroll to top button in footer" time="0.004" classname="AppComponent"/>
  <testcase name="ProjectsComponent should inject StateService" time="0.035" classname="ProjectsComponent"/>
  <testcase name="ProjectsComponent openRepository() should open repository URL in new window" time="0.011" classname="ProjectsComponent openRepository()"/>
  <testcase name="ProjectsComponent isEnterpriseProject() should return false for projects with undefined subtext" time="0.011" classname="ProjectsComponent isEnterpriseProject()"/>
  <testcase name="ProjectsComponent isEnterpriseProject() should return false for projects without &quot;Enterprise&quot; in subtext" time="0.009" classname="ProjectsComponent isEnterpriseProject()"/>
  <testcase name="ProjectsComponent isEnterpriseProject() should return true for projects with &quot;Enterprise&quot; in subtext" time="0.01" classname="ProjectsComponent isEnterpriseProject()"/>
  <testcase name="ProjectsComponent getCurrentlyActiveHeader() should return &quot;Active&quot; for currently active projects" time="0.01" classname="ProjectsComponent getCurrentlyActiveHeader()"/>
  <testcase name="ProjectsComponent getCurrentlyActiveHeader() should return &quot;Inactive&quot; for personal inactive projects" time="0.009" classname="ProjectsComponent getCurrentlyActiveHeader()"/>
  <testcase name="ProjectsComponent getCurrentlyActiveHeader() should return &quot;Prior Position&quot; for enterprise inactive projects" time="0.01" classname="ProjectsComponent getCurrentlyActiveHeader()"/>
  <testcase name="ProjectsComponent should create" time="0.009" classname="ProjectsComponent"/>
  <testcase name="ProjectsComponent getEnterpriseProjectHeader() should return &quot;Personal&quot; for non-enterprise projects" time="0.009" classname="ProjectsComponent getEnterpriseProjectHeader()"/>
  <testcase name="ProjectsComponent getEnterpriseProjectHeader() should return &quot;Personal&quot; for projects with undefined subtext" time="0.011" classname="ProjectsComponent getEnterpriseProjectHeader()"/>
  <testcase name="ProjectsComponent getEnterpriseProjectHeader() should return &quot;Enterprise&quot; for enterprise projects" time="0.01" classname="ProjectsComponent getEnterpriseProjectHeader()"/>
  <testcase name="ProjectsComponent template rendering should render project details in panels" time="0.009" classname="ProjectsComponent template rendering"/>
  <testcase name="ProjectsComponent template rendering should render repository buttons for projects with repositories" time="0.009" classname="ProjectsComponent template rendering"/>
  <testcase name="ProjectsComponent template rendering should apply dark-img class to header image when in dark mode" time="0.01" classname="ProjectsComponent template rendering"/>
  <testcase name="ProjectsComponent template rendering should render expand/collapse buttons" time="0.008" classname="ProjectsComponent template rendering"/>
  <testcase name="ProjectsComponent template rendering should render mat-accordion with project panels" time="0.008" classname="ProjectsComponent template rendering"/>
  <testcase name="ProjectsComponent template rendering should render header with title and description" time="0.009" classname="ProjectsComponent template rendering"/>
  <testcase name="ProjectsComponent template rendering should render mat-card with projects section" time="0.009" classname="ProjectsComponent template rendering"/>
  <testcase name="ProjectsComponent template rendering should render first project as expanded by default" time="0.009" classname="ProjectsComponent template rendering"/>
  <testcase name="ProjectsComponent component properties should have projects array" time="0.011" classname="ProjectsComponent component properties"/>
  <testcase name="ProjectsComponent component properties should have projects with optional properties" time="0.009" classname="ProjectsComponent component properties"/>
  <testcase name="ProjectsComponent component properties should have projects with required properties" time="0.008" classname="ProjectsComponent component properties"/>
  <testcase name="ProjectsComponent isCurrentlyActive() should return true for projects ending with &quot;Present&quot;" time="0.008" classname="ProjectsComponent isCurrentlyActive()"/>
  <testcase name="ProjectsComponent isCurrentlyActive() should return false for projects with undefined timeline" time="0.008" classname="ProjectsComponent isCurrentlyActive()"/>
  <testcase name="ProjectsComponent isCurrentlyActive() should return false for projects not ending with &quot;Present&quot;" time="0.008" classname="ProjectsComponent isCurrentlyActive()"/>
  <testcase name="StateService should be created" time="0.001" classname="StateService"/>
  <testcase name="StateService scrollToTop() should call window.scrollTo with smooth behavior" time="0.001" classname="StateService scrollToTop()"/>
  <testcase name="StateService initial state should initialize with default values" time="0.001" classname="StateService initial state"/>
  <testcase name="StateService isMobile() should set isMobilePortrait to false when HandsetPortrait breakpoint does not match" time="0.001" classname="StateService isMobile()"/>
  <testcase name="StateService isMobile() should set isMobilePortrait to true when HandsetPortrait breakpoint matches" time="0.001" classname="StateService isMobile()"/>
  <testcase name="StateService isMobile() should observe HandsetPortrait breakpoint" time="0.001" classname="StateService isMobile()"/>
  <testcase name="StateService toggleDarkTheme() should toggle isDarkMode from true to false" time="0.001" classname="StateService toggleDarkTheme()"/>
  <testcase name="StateService toggleDarkTheme() should remove dark-theme class from body when toggling to light mode" time="0.001" classname="StateService toggleDarkTheme()"/>
  <testcase name="StateService toggleDarkTheme() should toggle isDarkMode from false to true" time="0.001" classname="StateService toggleDarkTheme()"/>
  <testcase name="StateService toggleDarkTheme() should add dark-theme class to body when toggling to dark mode" time="0.001" classname="StateService toggleDarkTheme()"/>
  <testcase name="ToolbarComponent should create" time="0.051" classname="ToolbarComponent"/>
  <testcase name="ToolbarComponent template rendering should render AboutComponent in first tab" time="0.024" classname="ToolbarComponent template rendering"/>
  <testcase name="ToolbarComponent template rendering should render toolbar with logo and name" time="0.025" classname="ToolbarComponent template rendering"/>
  <testcase name="ToolbarComponent template rendering should render dark mode toggle button" time="0.024" classname="ToolbarComponent template rendering"/>
  <testcase name="ToolbarComponent template rendering should render download resume button" time="0.026" classname="ToolbarComponent template rendering"/>
  <testcase name="ToolbarComponent template rendering should render mat-tab-group with About and Projects tabs" time="0.023" classname="ToolbarComponent template rendering"/>
  <testcase name="ToolbarComponent template rendering should render ProjectsComponent in second tab" time="0.035" classname="ToolbarComponent template rendering"/>
  <testcase name="ToolbarComponent template rendering should apply dark-img class to logo when in dark mode" time="0.024" classname="ToolbarComponent template rendering"/>
  <testcase name="ToolbarComponent template rendering should not apply dark-img class to logo when in light mode" time="0.024" classname="ToolbarComponent template rendering"/>
  <testcase name="ToolbarComponent downloadResume() should open resume PDF in new window" time="0.024" classname="ToolbarComponent downloadResume()"/>
  <testcase name="ToolbarComponent should inject StateService" time="0.024" classname="ToolbarComponent"/>
  <system-out>
    <![CDATA[
]]>
  </system-out>
  <system-err/>
</testsuite>